{"C:\\Users\\jamey\\Vakken Jaar 2, Fase 1\\DevOps\\Examenopdracht\\exam-devops-2025-2026\\backend\\src\\server.js": {"path":"C:\\Users\\jamey\\Vakken Jaar 2, Fase 1\\DevOps\\Examenopdracht\\exam-devops-2025-2026\\backend\\src\\server.js","statementMap":{"0":{"start":{"line":9,"column":0},"end":{"line":9,"column":27}},"1":{"start":{"line":10,"column":16},"end":{"line":10,"column":34}},"2":{"start":{"line":11,"column":13},"end":{"line":11,"column":28}},"3":{"start":{"line":12,"column":15},"end":{"line":12,"column":32}},"4":{"start":{"line":13,"column":11},"end":{"line":13,"column":32}},"5":{"start":{"line":15,"column":12},"end":{"line":15,"column":21}},"6":{"start":{"line":16,"column":13},"end":{"line":16,"column":37}},"7":{"start":{"line":19,"column":0},"end":{"line":19,"column":16}},"8":{"start":{"line":20,"column":0},"end":{"line":20,"column":24}},"9":{"start":{"line":21,"column":0},"end":{"line":21,"column":28}},"10":{"start":{"line":24,"column":0},"end":{"line":31,"column":3}},"11":{"start":{"line":25,"column":4},"end":{"line":30,"column":7}},"12":{"start":{"line":34,"column":0},"end":{"line":51,"column":3}},"13":{"start":{"line":35,"column":4},"end":{"line":50,"column":5}},"14":{"start":{"line":36,"column":8},"end":{"line":36,"column":35}},"15":{"start":{"line":37,"column":8},"end":{"line":42,"column":11}},"16":{"start":{"line":44,"column":8},"end":{"line":49,"column":11}},"17":{"start":{"line":61,"column":0},"end":{"line":79,"column":3}},"18":{"start":{"line":62,"column":4},"end":{"line":78,"column":5}},"19":{"start":{"line":63,"column":23},"end":{"line":72,"column":10}},"20":{"start":{"line":74,"column":8},"end":{"line":74,"column":30}},"21":{"start":{"line":76,"column":8},"end":{"line":76,"column":55}},"22":{"start":{"line":77,"column":8},"end":{"line":77,"column":66}},"23":{"start":{"line":85,"column":0},"end":{"line":99,"column":3}},"24":{"start":{"line":86,"column":4},"end":{"line":98,"column":5}},"25":{"start":{"line":87,"column":23},"end":{"line":87,"column":33}},"26":{"start":{"line":88,"column":23},"end":{"line":88,"column":81}},"27":{"start":{"line":90,"column":8},"end":{"line":92,"column":9}},"28":{"start":{"line":91,"column":12},"end":{"line":91,"column":70}},"29":{"start":{"line":94,"column":8},"end":{"line":94,"column":33}},"30":{"start":{"line":96,"column":8},"end":{"line":96,"column":54}},"31":{"start":{"line":97,"column":8},"end":{"line":97,"column":65}},"32":{"start":{"line":105,"column":0},"end":{"line":128,"column":3}},"33":{"start":{"line":106,"column":4},"end":{"line":127,"column":5}},"34":{"start":{"line":107,"column":53},"end":{"line":107,"column":61}},"35":{"start":{"line":110,"column":8},"end":{"line":114,"column":9}},"36":{"start":{"line":111,"column":12},"end":{"line":113,"column":15}},"37":{"start":{"line":116,"column":23},"end":{"line":121,"column":9}},"38":{"start":{"line":123,"column":8},"end":{"line":123,"column":45}},"39":{"start":{"line":125,"column":8},"end":{"line":125,"column":54}},"40":{"start":{"line":126,"column":8},"end":{"line":126,"column":66}},"41":{"start":{"line":134,"column":0},"end":{"line":157,"column":3}},"42":{"start":{"line":135,"column":4},"end":{"line":156,"column":5}},"43":{"start":{"line":136,"column":23},"end":{"line":136,"column":33}},"44":{"start":{"line":137,"column":27},"end":{"line":137,"column":35}},"45":{"start":{"line":139,"column":8},"end":{"line":141,"column":9}},"46":{"start":{"line":140,"column":12},"end":{"line":140,"column":73}},"47":{"start":{"line":143,"column":23},"end":{"line":146,"column":9}},"48":{"start":{"line":148,"column":8},"end":{"line":150,"column":9}},"49":{"start":{"line":149,"column":12},"end":{"line":149,"column":70}},"50":{"start":{"line":152,"column":8},"end":{"line":152,"column":33}},"51":{"start":{"line":154,"column":8},"end":{"line":154,"column":54}},"52":{"start":{"line":155,"column":8},"end":{"line":155,"column":66}},"53":{"start":{"line":163,"column":0},"end":{"line":182,"column":3}},"54":{"start":{"line":164,"column":4},"end":{"line":181,"column":5}},"55":{"start":{"line":165,"column":23},"end":{"line":165,"column":33}},"56":{"start":{"line":168,"column":8},"end":{"line":168,"column":73}},"57":{"start":{"line":171,"column":23},"end":{"line":171,"column":91}},"58":{"start":{"line":173,"column":8},"end":{"line":175,"column":9}},"59":{"start":{"line":174,"column":12},"end":{"line":174,"column":70}},"60":{"start":{"line":177,"column":8},"end":{"line":177,"column":60}},"61":{"start":{"line":179,"column":8},"end":{"line":179,"column":54}},"62":{"start":{"line":180,"column":8},"end":{"line":180,"column":66}},"63":{"start":{"line":192,"column":0},"end":{"line":220,"column":3}},"64":{"start":{"line":193,"column":4},"end":{"line":219,"column":5}},"65":{"start":{"line":194,"column":29},"end":{"line":194,"column":38}},"66":{"start":{"line":196,"column":20},"end":{"line":203,"column":9}},"67":{"start":{"line":205,"column":23},"end":{"line":205,"column":25}},"68":{"start":{"line":207,"column":8},"end":{"line":210,"column":9}},"69":{"start":{"line":208,"column":12},"end":{"line":208,"column":46}},"70":{"start":{"line":209,"column":12},"end":{"line":209,"column":34}},"71":{"start":{"line":212,"column":8},"end":{"line":212,"column":52}},"72":{"start":{"line":214,"column":23},"end":{"line":214,"column":52}},"73":{"start":{"line":215,"column":8},"end":{"line":215,"column":30}},"74":{"start":{"line":217,"column":8},"end":{"line":217,"column":57}},"75":{"start":{"line":218,"column":8},"end":{"line":218,"column":68}},"76":{"start":{"line":226,"column":0},"end":{"line":240,"column":3}},"77":{"start":{"line":227,"column":4},"end":{"line":239,"column":5}},"78":{"start":{"line":228,"column":23},"end":{"line":228,"column":33}},"79":{"start":{"line":229,"column":23},"end":{"line":229,"column":83}},"80":{"start":{"line":231,"column":8},"end":{"line":233,"column":9}},"81":{"start":{"line":232,"column":12},"end":{"line":232,"column":72}},"82":{"start":{"line":235,"column":8},"end":{"line":235,"column":33}},"83":{"start":{"line":237,"column":8},"end":{"line":237,"column":56}},"84":{"start":{"line":238,"column":8},"end":{"line":238,"column":67}},"85":{"start":{"line":246,"column":0},"end":{"line":269,"column":3}},"86":{"start":{"line":247,"column":4},"end":{"line":268,"column":5}},"87":{"start":{"line":248,"column":67},"end":{"line":248,"column":75}},"88":{"start":{"line":251,"column":8},"end":{"line":255,"column":9}},"89":{"start":{"line":252,"column":12},"end":{"line":254,"column":15}},"90":{"start":{"line":257,"column":23},"end":{"line":262,"column":9}},"91":{"start":{"line":264,"column":8},"end":{"line":264,"column":45}},"92":{"start":{"line":266,"column":8},"end":{"line":266,"column":56}},"93":{"start":{"line":267,"column":8},"end":{"line":267,"column":68}},"94":{"start":{"line":275,"column":0},"end":{"line":298,"column":3}},"95":{"start":{"line":276,"column":4},"end":{"line":297,"column":5}},"96":{"start":{"line":277,"column":23},"end":{"line":277,"column":33}},"97":{"start":{"line":278,"column":27},"end":{"line":278,"column":35}},"98":{"start":{"line":280,"column":8},"end":{"line":282,"column":9}},"99":{"start":{"line":281,"column":12},"end":{"line":281,"column":73}},"100":{"start":{"line":284,"column":23},"end":{"line":287,"column":9}},"101":{"start":{"line":289,"column":8},"end":{"line":291,"column":9}},"102":{"start":{"line":290,"column":12},"end":{"line":290,"column":72}},"103":{"start":{"line":293,"column":8},"end":{"line":293,"column":33}},"104":{"start":{"line":295,"column":8},"end":{"line":295,"column":56}},"105":{"start":{"line":296,"column":8},"end":{"line":296,"column":68}},"106":{"start":{"line":308,"column":0},"end":{"line":342,"column":3}},"107":{"start":{"line":309,"column":4},"end":{"line":341,"column":5}},"108":{"start":{"line":311,"column":29},"end":{"line":311,"column":83}},"109":{"start":{"line":312,"column":28},"end":{"line":312,"column":64}},"110":{"start":{"line":315,"column":31},"end":{"line":317,"column":9}},"111":{"start":{"line":318,"column":33},"end":{"line":318,"column":71}},"112":{"start":{"line":321,"column":30},"end":{"line":323,"column":9}},"113":{"start":{"line":324,"column":31},"end":{"line":324,"column":68}},"114":{"start":{"line":327,"column":31},"end":{"line":329,"column":9}},"115":{"start":{"line":330,"column":31},"end":{"line":330,"column":69}},"116":{"start":{"line":332,"column":8},"end":{"line":337,"column":11}},"117":{"start":{"line":339,"column":8},"end":{"line":339,"column":54}},"118":{"start":{"line":340,"column":8},"end":{"line":340,"column":70}},"119":{"start":{"line":349,"column":0},"end":{"line":351,"column":3}},"120":{"start":{"line":350,"column":4},"end":{"line":350,"column":58}},"121":{"start":{"line":354,"column":0},"end":{"line":360,"column":3}},"122":{"start":{"line":355,"column":4},"end":{"line":355,"column":43}},"123":{"start":{"line":356,"column":4},"end":{"line":359,"column":7}},"124":{"start":{"line":368,"column":4},"end":{"line":382,"column":5}},"125":{"start":{"line":370,"column":8},"end":{"line":370,"column":39}},"126":{"start":{"line":371,"column":8},"end":{"line":371,"column":55}},"127":{"start":{"line":374,"column":8},"end":{"line":378,"column":11}},"128":{"start":{"line":375,"column":12},"end":{"line":375,"column":70}},"129":{"start":{"line":376,"column":12},"end":{"line":376,"column":81}},"130":{"start":{"line":377,"column":12},"end":{"line":377,"column":106}},"131":{"start":{"line":380,"column":8},"end":{"line":380,"column":56}},"132":{"start":{"line":381,"column":8},"end":{"line":381,"column":24}},"133":{"start":{"line":386,"column":0},"end":{"line":390,"column":3}},"134":{"start":{"line":387,"column":4},"end":{"line":387,"column":65}},"135":{"start":{"line":388,"column":4},"end":{"line":388,"column":19}},"136":{"start":{"line":389,"column":4},"end":{"line":389,"column":20}},"137":{"start":{"line":392,"column":0},"end":{"line":396,"column":3}},"138":{"start":{"line":393,"column":4},"end":{"line":393,"column":64}},"139":{"start":{"line":394,"column":4},"end":{"line":394,"column":19}},"140":{"start":{"line":395,"column":4},"end":{"line":395,"column":20}},"141":{"start":{"line":399,"column":0},"end":{"line":399,"column":14}},"142":{"start":{"line":402,"column":0},"end":{"line":402,"column":21}}},"fnMap":{"0":{"name":"(anonymous_0)","decl":{"start":{"line":24,"column":23},"end":{"line":24,"column":24}},"loc":{"start":{"line":24,"column":37},"end":{"line":31,"column":1}},"line":24},"1":{"name":"(anonymous_1)","decl":{"start":{"line":34,"column":22},"end":{"line":34,"column":23}},"loc":{"start":{"line":34,"column":42},"end":{"line":51,"column":1}},"line":34},"2":{"name":"(anonymous_2)","decl":{"start":{"line":61,"column":23},"end":{"line":61,"column":24}},"loc":{"start":{"line":61,"column":43},"end":{"line":79,"column":1}},"line":61},"3":{"name":"(anonymous_3)","decl":{"start":{"line":85,"column":27},"end":{"line":85,"column":28}},"loc":{"start":{"line":85,"column":47},"end":{"line":99,"column":1}},"line":85},"4":{"name":"(anonymous_4)","decl":{"start":{"line":105,"column":24},"end":{"line":105,"column":25}},"loc":{"start":{"line":105,"column":44},"end":{"line":128,"column":1}},"line":105},"5":{"name":"(anonymous_5)","decl":{"start":{"line":134,"column":27},"end":{"line":134,"column":28}},"loc":{"start":{"line":134,"column":47},"end":{"line":157,"column":1}},"line":134},"6":{"name":"(anonymous_6)","decl":{"start":{"line":163,"column":30},"end":{"line":163,"column":31}},"loc":{"start":{"line":163,"column":50},"end":{"line":182,"column":1}},"line":163},"7":{"name":"(anonymous_7)","decl":{"start":{"line":192,"column":25},"end":{"line":192,"column":26}},"loc":{"start":{"line":192,"column":45},"end":{"line":220,"column":1}},"line":192},"8":{"name":"(anonymous_8)","decl":{"start":{"line":226,"column":29},"end":{"line":226,"column":30}},"loc":{"start":{"line":226,"column":49},"end":{"line":240,"column":1}},"line":226},"9":{"name":"(anonymous_9)","decl":{"start":{"line":246,"column":26},"end":{"line":246,"column":27}},"loc":{"start":{"line":246,"column":46},"end":{"line":269,"column":1}},"line":246},"10":{"name":"(anonymous_10)","decl":{"start":{"line":275,"column":29},"end":{"line":275,"column":30}},"loc":{"start":{"line":275,"column":49},"end":{"line":298,"column":1}},"line":275},"11":{"name":"(anonymous_11)","decl":{"start":{"line":308,"column":22},"end":{"line":308,"column":23}},"loc":{"start":{"line":308,"column":42},"end":{"line":342,"column":1}},"line":308},"12":{"name":"(anonymous_12)","decl":{"start":{"line":349,"column":8},"end":{"line":349,"column":9}},"loc":{"start":{"line":349,"column":22},"end":{"line":351,"column":1}},"line":349},"13":{"name":"(anonymous_13)","decl":{"start":{"line":354,"column":8},"end":{"line":354,"column":9}},"loc":{"start":{"line":354,"column":33},"end":{"line":360,"column":1}},"line":354},"14":{"name":"startServer","decl":{"start":{"line":367,"column":15},"end":{"line":367,"column":26}},"loc":{"start":{"line":367,"column":29},"end":{"line":383,"column":1}},"line":367},"15":{"name":"(anonymous_15)","decl":{"start":{"line":374,"column":36},"end":{"line":374,"column":37}},"loc":{"start":{"line":374,"column":42},"end":{"line":378,"column":9}},"line":374},"16":{"name":"(anonymous_16)","decl":{"start":{"line":386,"column":22},"end":{"line":386,"column":23}},"loc":{"start":{"line":386,"column":34},"end":{"line":390,"column":1}},"line":386},"17":{"name":"(anonymous_17)","decl":{"start":{"line":392,"column":21},"end":{"line":392,"column":22}},"loc":{"start":{"line":392,"column":33},"end":{"line":396,"column":1}},"line":392}},"branchMap":{"0":{"loc":{"start":{"line":16,"column":13},"end":{"line":16,"column":37}},"type":"binary-expr","locations":[{"start":{"line":16,"column":13},"end":{"line":16,"column":29}},{"start":{"line":16,"column":33},"end":{"line":16,"column":37}}],"line":16},"1":{"loc":{"start":{"line":90,"column":8},"end":{"line":92,"column":9}},"type":"if","locations":[{"start":{"line":90,"column":8},"end":{"line":92,"column":9}},{"start":{},"end":{}}],"line":90},"2":{"loc":{"start":{"line":110,"column":8},"end":{"line":114,"column":9}},"type":"if","locations":[{"start":{"line":110,"column":8},"end":{"line":114,"column":9}},{"start":{},"end":{}}],"line":110},"3":{"loc":{"start":{"line":110,"column":12},"end":{"line":110,"column":51}},"type":"binary-expr","locations":[{"start":{"line":110,"column":12},"end":{"line":110,"column":24}},{"start":{"line":110,"column":28},"end":{"line":110,"column":39}},{"start":{"line":110,"column":43},"end":{"line":110,"column":51}}],"line":110},"4":{"loc":{"start":{"line":139,"column":8},"end":{"line":141,"column":9}},"type":"if","locations":[{"start":{"line":139,"column":8},"end":{"line":141,"column":9}},{"start":{},"end":{}}],"line":139},"5":{"loc":{"start":{"line":148,"column":8},"end":{"line":150,"column":9}},"type":"if","locations":[{"start":{"line":148,"column":8},"end":{"line":150,"column":9}},{"start":{},"end":{}}],"line":148},"6":{"loc":{"start":{"line":173,"column":8},"end":{"line":175,"column":9}},"type":"if","locations":[{"start":{"line":173,"column":8},"end":{"line":175,"column":9}},{"start":{},"end":{}}],"line":173},"7":{"loc":{"start":{"line":207,"column":8},"end":{"line":210,"column":9}},"type":"if","locations":[{"start":{"line":207,"column":8},"end":{"line":210,"column":9}},{"start":{},"end":{}}],"line":207},"8":{"loc":{"start":{"line":231,"column":8},"end":{"line":233,"column":9}},"type":"if","locations":[{"start":{"line":231,"column":8},"end":{"line":233,"column":9}},{"start":{},"end":{}}],"line":231},"9":{"loc":{"start":{"line":251,"column":8},"end":{"line":255,"column":9}},"type":"if","locations":[{"start":{"line":251,"column":8},"end":{"line":255,"column":9}},{"start":{},"end":{}}],"line":251},"10":{"loc":{"start":{"line":251,"column":12},"end":{"line":251,"column":60}},"type":"binary-expr","locations":[{"start":{"line":251,"column":12},"end":{"line":251,"column":21}},{"start":{"line":251,"column":25},"end":{"line":251,"column":31}},{"start":{"line":251,"column":35},"end":{"line":251,"column":47}},{"start":{"line":251,"column":51},"end":{"line":251,"column":60}}],"line":251},"11":{"loc":{"start":{"line":261,"column":53},"end":{"line":261,"column":69}},"type":"binary-expr","locations":[{"start":{"line":261,"column":53},"end":{"line":261,"column":59}},{"start":{"line":261,"column":63},"end":{"line":261,"column":69}}],"line":261},"12":{"loc":{"start":{"line":280,"column":8},"end":{"line":282,"column":9}},"type":"if","locations":[{"start":{"line":280,"column":8},"end":{"line":282,"column":9}},{"start":{},"end":{}}],"line":280},"13":{"loc":{"start":{"line":289,"column":8},"end":{"line":291,"column":9}},"type":"if","locations":[{"start":{"line":289,"column":8},"end":{"line":291,"column":9}},{"start":{},"end":{}}],"line":289},"14":{"loc":{"start":{"line":358,"column":17},"end":{"line":358,"column":81}},"type":"cond-expr","locations":[{"start":{"line":358,"column":58},"end":{"line":358,"column":69}},{"start":{"line":358,"column":72},"end":{"line":358,"column":81}}],"line":358},"15":{"loc":{"start":{"line":376,"column":40},"end":{"line":376,"column":77}},"type":"binary-expr","locations":[{"start":{"line":376,"column":40},"end":{"line":376,"column":60}},{"start":{"line":376,"column":64},"end":{"line":376,"column":77}}],"line":376},"16":{"loc":{"start":{"line":377,"column":37},"end":{"line":377,"column":71}},"type":"binary-expr","locations":[{"start":{"line":377,"column":37},"end":{"line":377,"column":56}},{"start":{"line":377,"column":60},"end":{"line":377,"column":71}}],"line":377},"17":{"loc":{"start":{"line":377,"column":75},"end":{"line":377,"column":102}},"type":"binary-expr","locations":[{"start":{"line":377,"column":75},"end":{"line":377,"column":94}},{"start":{"line":377,"column":98},"end":{"line":377,"column":102}}],"line":377}},"s":{"0":1,"1":1,"2":1,"3":1,"4":1,"5":1,"6":1,"7":1,"8":1,"9":1,"10":1,"11":1,"12":1,"13":2,"14":2,"15":1,"16":1,"17":1,"18":1,"19":1,"20":1,"21":0,"22":0,"23":1,"24":2,"25":2,"26":2,"27":2,"28":1,"29":1,"30":0,"31":0,"32":1,"33":2,"34":2,"35":2,"36":1,"37":1,"38":1,"39":0,"40":0,"41":1,"42":0,"43":0,"44":0,"45":0,"46":0,"47":0,"48":0,"49":0,"50":0,"51":0,"52":0,"53":1,"54":0,"55":0,"56":0,"57":0,"58":0,"59":0,"60":0,"61":0,"62":0,"63":1,"64":2,"65":2,"66":2,"67":2,"68":2,"69":1,"70":1,"71":2,"72":2,"73":2,"74":0,"75":0,"76":1,"77":0,"78":0,"79":0,"80":0,"81":0,"82":0,"83":0,"84":0,"85":1,"86":0,"87":0,"88":0,"89":0,"90":0,"91":0,"92":0,"93":0,"94":1,"95":0,"96":0,"97":0,"98":0,"99":0,"100":0,"101":0,"102":0,"103":0,"104":0,"105":0,"106":1,"107":1,"108":1,"109":1,"110":1,"111":1,"112":1,"113":1,"114":1,"115":1,"116":1,"117":0,"118":0,"119":1,"120":1,"121":1,"122":0,"123":0,"124":1,"125":1,"126":1,"127":1,"128":1,"129":1,"130":1,"131":0,"132":0,"133":1,"134":0,"135":0,"136":0,"137":1,"138":0,"139":0,"140":0,"141":1,"142":1},"f":{"0":1,"1":2,"2":1,"3":2,"4":2,"5":0,"6":0,"7":2,"8":0,"9":0,"10":0,"11":1,"12":1,"13":0,"14":1,"15":1,"16":0,"17":0},"b":{"0":[1,0],"1":[1,1],"2":[1,1],"3":[2,2,1],"4":[0,0],"5":[0,0],"6":[0,0],"7":[1,1],"8":[0,0],"9":[0,0],"10":[0,0,0,0],"11":[0,0],"12":[0,0],"13":[0,0],"14":[0,0],"15":[1,0],"16":[1,0],"17":[1,0]},"_coverageSchema":"1a1c01bbd47fc00a2c39e90264f33305004495a9","hash":"7a07f024ea028915ed15e2b2657006f99c89773c"}
}
