TN:
SF:src\server.js
FN:24,(anonymous_0)
FN:34,(anonymous_1)
FN:61,(anonymous_2)
FN:85,(anonymous_3)
FN:105,(anonymous_4)
FN:134,(anonymous_5)
FN:163,(anonymous_6)
FN:192,(anonymous_7)
FN:226,(anonymous_8)
FN:246,(anonymous_9)
FN:275,(anonymous_10)
FN:308,(anonymous_11)
FN:349,(anonymous_12)
FN:354,(anonymous_13)
FN:367,startServer
FN:374,(anonymous_15)
FN:386,(anonymous_16)
FN:392,(anonymous_17)
FNF:18
FNH:10
FNDA:1,(anonymous_0)
FNDA:2,(anonymous_1)
FNDA:1,(anonymous_2)
FNDA:2,(anonymous_3)
FNDA:2,(anonymous_4)
FNDA:0,(anonymous_5)
FNDA:0,(anonymous_6)
FNDA:2,(anonymous_7)
FNDA:0,(anonymous_8)
FNDA:0,(anonymous_9)
FNDA:0,(anonymous_10)
FNDA:1,(anonymous_11)
FNDA:1,(anonymous_12)
FNDA:0,(anonymous_13)
FNDA:1,startServer
FNDA:1,(anonymous_15)
FNDA:0,(anonymous_16)
FNDA:0,(anonymous_17)
DA:9,1
DA:10,1
DA:11,1
DA:12,1
DA:13,1
DA:15,1
DA:16,1
DA:19,1
DA:20,1
DA:21,1
DA:24,1
DA:25,1
DA:34,1
DA:35,2
DA:36,2
DA:37,1
DA:44,1
DA:61,1
DA:62,1
DA:63,1
DA:74,1
DA:76,0
DA:77,0
DA:85,1
DA:86,2
DA:87,2
DA:88,2
DA:90,2
DA:91,1
DA:94,1
DA:96,0
DA:97,0
DA:105,1
DA:106,2
DA:107,2
DA:110,2
DA:111,1
DA:116,1
DA:123,1
DA:125,0
DA:126,0
DA:134,1
DA:135,0
DA:136,0
DA:137,0
DA:139,0
DA:140,0
DA:143,0
DA:148,0
DA:149,0
DA:152,0
DA:154,0
DA:155,0
DA:163,1
DA:164,0
DA:165,0
DA:168,0
DA:171,0
DA:173,0
DA:174,0
DA:177,0
DA:179,0
DA:180,0
DA:192,1
DA:193,2
DA:194,2
DA:196,2
DA:205,2
DA:207,2
DA:208,1
DA:209,1
DA:212,2
DA:214,2
DA:215,2
DA:217,0
DA:218,0
DA:226,1
DA:227,0
DA:228,0
DA:229,0
DA:231,0
DA:232,0
DA:235,0
DA:237,0
DA:238,0
DA:246,1
DA:247,0
DA:248,0
DA:251,0
DA:252,0
DA:257,0
DA:264,0
DA:266,0
DA:267,0
DA:275,1
DA:276,0
DA:277,0
DA:278,0
DA:280,0
DA:281,0
DA:284,0
DA:289,0
DA:290,0
DA:293,0
DA:295,0
DA:296,0
DA:308,1
DA:309,1
DA:311,1
DA:312,1
DA:315,1
DA:318,1
DA:321,1
DA:324,1
DA:327,1
DA:330,1
DA:332,1
DA:339,0
DA:340,0
DA:349,1
DA:350,1
DA:354,1
DA:355,0
DA:356,0
DA:368,1
DA:370,1
DA:371,1
DA:374,1
DA:375,1
DA:376,1
DA:377,1
DA:380,0
DA:381,0
DA:386,1
DA:387,0
DA:388,0
DA:389,0
DA:392,1
DA:393,0
DA:394,0
DA:395,0
DA:399,1
DA:402,1
LF:143
LH:76
BRDA:16,0,0,1
BRDA:16,0,1,0
BRDA:90,1,0,1
BRDA:90,1,1,1
BRDA:110,2,0,1
BRDA:110,2,1,1
BRDA:110,3,0,2
BRDA:110,3,1,2
BRDA:110,3,2,1
BRDA:139,4,0,0
BRDA:139,4,1,0
BRDA:148,5,0,0
BRDA:148,5,1,0
BRDA:173,6,0,0
BRDA:173,6,1,0
BRDA:207,7,0,1
BRDA:207,7,1,1
BRDA:231,8,0,0
BRDA:231,8,1,0
BRDA:251,9,0,0
BRDA:251,9,1,0
BRDA:251,10,0,0
BRDA:251,10,1,0
BRDA:251,10,2,0
BRDA:251,10,3,0
BRDA:261,11,0,0
BRDA:261,11,1,0
BRDA:280,12,0,0
BRDA:280,12,1,0
BRDA:289,13,0,0
BRDA:289,13,1,0
BRDA:358,14,0,0
BRDA:358,14,1,0
BRDA:376,15,0,1
BRDA:376,15,1,0
BRDA:377,16,0,1
BRDA:377,16,1,0
BRDA:377,17,0,1
BRDA:377,17,1,0
BRF:39
BRH:13
end_of_record
